[17:46:42] Device: cuda
[17:46:42] GPU: NVIDIA RTX A6000
[17:46:42] GPU Memory: 50.90 GB
[17:46:42] ================================================================================
[17:46:42] STARTING MDL PROBING 
[17:46:42] ================================================================================
[17:46:42] 
============================================================
[17:46:42] PROCESSING LAYER 8
[17:46:42] ============================================================
[17:46:42] Loading Layer 8 data...
[17:46:43]   base: (33522, 1536)
[17:46:43]   instruct: (33522, 1536)
[17:46:43] 
  Processing Group: all
[17:46:43]     base - attribute
[17:48:37]     base - state
[17:50:29]     base - correctness_base
[17:51:24]     base - multitask_dual
[17:52:45]     base - multitask_triple_base
[17:54:26]     instruct - attribute
[17:56:16]     instruct - state
[17:58:05]     instruct - correctness_instruct
[17:59:00]     instruct - multitask_dual
[18:00:21]     instruct - multitask_triple_instruct
[18:02:02] 
  Processing Group: suppression
[18:02:02]     base - attribute
[18:02:21]     base - state
[18:02:40]     base - correctness_base
[18:02:59]     base - multitask_dual
[18:03:27]     base - multitask_triple_base
[18:04:03]     instruct - attribute
[18:04:22]     instruct - state
[18:04:41]     instruct - correctness_instruct
[18:05:00]     instruct - multitask_dual
[18:05:28]     instruct - multitask_triple_instruct
[18:06:04] 
  Processing Group: enhancement
[18:06:04]     base - attribute
[18:06:23]     base - state
[18:06:42]     base - correctness_base
[18:07:01]     base - multitask_dual
[18:07:29]     base - multitask_triple_base
[18:08:05]     instruct - attribute
[18:08:24]     instruct - state
[18:08:43]     instruct - correctness_instruct
[18:09:02]     instruct - multitask_dual
[18:09:31]     instruct - multitask_triple_instruct
[18:10:07] 
  Running Isomorphism Test (Layer 8)
[18:10:39] 
============================================================
[18:10:39] PROCESSING LAYER 16
[18:10:39] ============================================================
[18:10:39] Loading Layer 16 data...
[18:10:39]   base: (33522, 1536)
[18:10:39]   instruct: (33522, 1536)
[18:10:39] 
  Processing Group: all
[18:10:39]     base - attribute
[18:12:36]     base - state
[18:14:30]     base - correctness_base
[18:15:27]     base - multitask_dual
[18:16:52]     base - multitask_triple_base
[18:18:39]     instruct - attribute
[18:20:33]     instruct - state
[18:22:27]     instruct - correctness_instruct
[18:23:24]     instruct - multitask_dual
[18:24:49]     instruct - multitask_triple_instruct
[18:26:36] 
  Processing Group: suppression
[18:26:36]     base - attribute
[18:26:56]     base - state
[18:27:17]     base - correctness_base
[18:27:37]     base - multitask_dual
[18:28:07]     base - multitask_triple_base
[18:28:45]     instruct - attribute
[18:29:06]     instruct - state
[18:29:26]     instruct - correctness_instruct
[18:29:46]     instruct - multitask_dual
[18:30:16]     instruct - multitask_triple_instruct
[18:30:54] 
  Processing Group: enhancement
[18:30:54]     base - attribute
[18:31:14]     base - state
[18:31:35]     base - correctness_base
[18:31:55]     base - multitask_dual
[18:32:25]     base - multitask_triple_base
[18:33:04]     instruct - attribute
[18:33:24]     instruct - state
[18:33:44]     instruct - correctness_instruct
[18:34:04]     instruct - multitask_dual
[18:34:34]     instruct - multitask_triple_instruct
[18:35:12] 
  Running Isomorphism Test (Layer 16)
[18:35:42] 
============================================================
[18:35:42] PROCESSING LAYER 24
[18:35:42] ============================================================
[18:35:42] Loading Layer 24 data...
[18:35:42]   base: (33522, 1536)
[18:35:42]   instruct: (33522, 1536)
[18:35:42] 
  Processing Group: all
[18:35:42]     base - attribute
[18:37:36]     base - state
[18:39:30]     base - correctness_base
[18:40:27]     base - multitask_dual
[18:41:51]     base - multitask_triple_base
[18:43:35]     instruct - attribute
[18:45:27]     instruct - state
[18:47:16]     instruct - correctness_instruct
[18:48:12]     instruct - multitask_dual
[18:49:32]     instruct - multitask_triple_instruct
[18:51:13] 
  Processing Group: suppression
[18:51:13]     base - attribute
[18:51:32]     base - state
[18:51:51]     base - correctness_base
[18:52:10]     base - multitask_dual
[18:52:38]     base - multitask_triple_base
[18:53:13]     instruct - attribute
[18:53:33]     instruct - state
[18:53:52]     instruct - correctness_instruct
[18:54:11]     instruct - multitask_dual
[18:54:39]     instruct - multitask_triple_instruct
[18:55:15] 
  Processing Group: enhancement
[18:55:15]     base - attribute
[18:55:34]     base - state
[18:55:53]     base - correctness_base
[18:56:12]     base - multitask_dual
[18:56:41]     base - multitask_triple_base
[18:57:17]     instruct - attribute
[18:57:36]     instruct - state
[18:57:55]     instruct - correctness_instruct
[18:58:14]     instruct - multitask_dual
[18:58:42]     instruct - multitask_triple_instruct
[18:59:18] 
  Running Isomorphism Test (Layer 24)
[18:59:45] 
============================================================
[18:59:45] PROCESSING LAYER 28
[18:59:45] ============================================================
[18:59:45] Loading Layer 28 data...
[18:59:46]   base: (33522, 1536)
[18:59:46]   instruct: (33522, 1536)
[18:59:46] 
  Processing Group: all
[18:59:46]     base - attribute
[19:01:34]     base - state
[19:03:22]     base - correctness_base
[19:04:17]     base - multitask_dual
[19:05:45]     base - multitask_triple_base
[19:07:38]     instruct - attribute
[19:09:36]     instruct - state
[19:11:35]     instruct - correctness_instruct
[19:12:35]     instruct - multitask_dual
[19:14:04]     instruct - multitask_triple_instruct
[19:15:56] 
  Processing Group: suppression
[19:15:56]     base - attribute
[19:16:17]     base - state
[19:16:38]     base - correctness_base
[19:17:00]     base - multitask_dual
[19:17:32]     base - multitask_triple_base
[19:18:12]     instruct - attribute
[19:18:34]     instruct - state
[19:18:55]     instruct - correctness_instruct
[19:19:17]     instruct - multitask_dual
[19:19:48]     instruct - multitask_triple_instruct
[19:20:29] 
  Processing Group: enhancement
[19:20:29]     base - attribute
[19:20:50]     base - state
[19:21:12]     base - correctness_base
[19:21:33]     base - multitask_dual
[19:22:05]     base - multitask_triple_base
[19:22:46]     instruct - attribute
[19:23:08]     instruct - state
[19:23:29]     instruct - correctness_instruct
[19:23:50]     instruct - multitask_dual
[19:24:22]     instruct - multitask_triple_instruct
[19:25:03] 
  Running Isomorphism Test (Layer 28)
[19:25:32] 
================================================================================
[19:25:32] SAVING RESULTS
[19:25:32] ================================================================================
[19:25:33]   online_mdl.csv
[19:25:33]   variational_mdl.csv
[19:25:33]   isomorphism.csv
[19:25:33] 
================================================================================
[19:25:33] GENERATING VISUALIZATIONS
[19:25:33] ================================================================================
[19:25:34]   Saved: online_coding_curves.png
[19:25:35]   Saved: variational_mdl_comparison.png
[19:25:35]   Saved: fisher_information.png
[19:25:36]   Saved: isomorphism_drift.png
[19:25:36]   Saved: sparsity_analysis.png
[19:25:37]   Saved: group_comparison.png
[19:25:38]   Saved: triple_entanglement_analysis.png
[19:25:38] 
================================================================================
[19:25:38] COMPUTING TRIPLE ENTANGLEMENT METRICS
[19:25:38] ================================================================================
[19:25:38]   Saved: triple_entanglement_metrics.json
[19:25:38] 
============================================================
[19:25:38] TRIPLE ENTANGLEMENT ANALYSIS SUMMARY:
[19:25:38] ============================================================
[19:25:38] 
BASE Model:
[19:25:38]   Compression Ratio (Triple/Single): 6.046
[19:25:38]   Triple Task Accuracy:
[19:25:38]     - Attribute: 10.0%
[19:25:38]     - State: 4.3%
[19:25:38]     - Correctness: 66.4%
[19:25:38]   Suppression Group:
[19:25:38]     - Triple MDL: 5397694.06
[19:25:38]     - Correctness Acc: 79.9%
[19:25:38] 
INSTRUCT Model:
[19:25:38]   Compression Ratio (Triple/Single): 6.023
[19:25:38]   Triple Task Accuracy:
[19:25:38]     - Attribute: 10.0%
[19:25:38]     - State: 4.3%
[19:25:38]     - Correctness: 63.8%
[19:25:38]   Suppression Group:
[19:25:38]     - Triple MDL: 5400160.38
[19:25:38]     - Correctness Acc: 62.5%
[19:25:38] 
================================================================================
[19:25:38] PIPELINE COMPLETE
[19:25:38] ================================================================================
[19:25:38] 
Total Experiments:
[19:25:38]   Online Coding: 3536 data points
[19:25:38]   Variational MDL: 408 configurations
[19:25:38]   Isomorphism Tests: 8 comparisons
[19:25:38] 
Outputs saved to: /home/anshulk/cultural-alignment-study/outputs/mdl_probing
