[21:33:24] Device: cuda
[21:33:24] GPU: NVIDIA RTX A6000
[21:33:24] GPU Memory: 50.90 GB
[21:33:24] ================================================================================
[21:33:24] STARTING MDL PROBING 
[21:33:24] ================================================================================
[21:33:24] 
============================================================
[21:33:24] PROCESSING LAYER 8
[21:33:24] ============================================================
[21:33:24] Loading Layer 8 data...
[21:33:25]   base: (33522, 1536)
[21:33:25]   instruct: (33522, 1536)
[21:33:25] 
  Processing Group: all
[21:33:25]     base - attribute
[21:35:16]     base - state
[21:37:06]     base - correctness_base
[21:38:02]     base - multitask_dual
[21:39:24]     base - multitask_triple_base
[21:41:08]     instruct - attribute
[21:42:58]     instruct - state
[21:44:47]     instruct - correctness_instruct
[21:45:42]     instruct - multitask_dual
[21:47:04]     instruct - multitask_triple_instruct
[21:48:47] 
  Processing Group: suppression
[21:48:47]     base - attribute
[21:49:07]     base - state
[21:49:26]     base - correctness_base
[21:49:45]     base - multitask_dual
[21:50:14]     base - multitask_triple_base
[21:50:51]     instruct - attribute
[21:51:10]     instruct - state
[21:51:30]     instruct - correctness_instruct
[21:51:49]     instruct - multitask_dual
[21:52:17]     instruct - multitask_triple_instruct
[21:52:53] 
  Processing Group: enhancement
[21:52:53]     base - attribute
[21:53:13]     base - state
[21:53:32]     base - correctness_base
[21:53:51]     base - multitask_dual
[21:54:20]     base - multitask_triple_base
[21:54:56]     instruct - attribute
[21:55:15]     instruct - state
[21:55:34]     instruct - correctness_instruct
[21:55:53]     instruct - multitask_dual
[21:56:22]     instruct - multitask_triple_instruct
[21:56:58] 
  Running Isomorphism Test (Layer 8)
[21:57:25] 
============================================================
[21:57:25] PROCESSING LAYER 16
[21:57:25] ============================================================
[21:57:25] Loading Layer 16 data...
[21:57:26]   base: (33522, 1536)
[21:57:26]   instruct: (33522, 1536)
[21:57:26] 
  Processing Group: all
[21:57:26]     base - attribute
[21:59:22]     base - state
[22:01:17]     base - correctness_base
[22:02:14]     base - multitask_dual
[22:03:40]     base - multitask_triple_base
[22:05:28]     instruct - attribute
[22:07:22]     instruct - state
[22:09:16]     instruct - correctness_instruct
[22:10:13]     instruct - multitask_dual
[22:11:37]     instruct - multitask_triple_instruct
[22:13:21] 
  Processing Group: suppression
[22:13:21]     base - attribute
[22:13:40]     base - state
[22:14:00]     base - correctness_base
[22:14:19]     base - multitask_dual
[22:14:48]     base - multitask_triple_base
[22:15:24]     instruct - attribute
[22:15:43]     instruct - state
[22:16:03]     instruct - correctness_instruct
[22:16:22]     instruct - multitask_dual
[22:16:51]     instruct - multitask_triple_instruct
[22:17:27] 
  Processing Group: enhancement
[22:17:27]     base - attribute
[22:17:46]     base - state
[22:18:06]     base - correctness_base
[22:18:25]     base - multitask_dual
[22:18:54]     base - multitask_triple_base
[22:19:31]     instruct - attribute
[22:19:50]     instruct - state
[22:20:09]     instruct - correctness_instruct
[22:20:29]     instruct - multitask_dual
[22:20:58]     instruct - multitask_triple_instruct
[22:21:34] 
  Running Isomorphism Test (Layer 16)
[22:22:02] 
============================================================
[22:22:02] PROCESSING LAYER 24
[22:22:02] ============================================================
[22:22:02] Loading Layer 24 data...
[22:22:02]   base: (33522, 1536)
[22:22:03]   instruct: (33522, 1536)
[22:22:03] 
  Processing Group: all
[22:22:03]     base - attribute
[22:23:52]     base - state
[22:25:42]     base - correctness_base
[22:26:37]     base - multitask_dual
[22:28:00]     base - multitask_triple_base
[22:29:43]     instruct - attribute
[22:31:32]     instruct - state
[22:33:22]     instruct - correctness_instruct
[22:34:17]     instruct - multitask_dual
[22:35:39]     instruct - multitask_triple_instruct
[22:37:23] 
  Processing Group: suppression
[22:37:23]     base - attribute
[22:37:42]     base - state
[22:38:02]     base - correctness_base
[22:38:21]     base - multitask_dual
[22:38:50]     base - multitask_triple_base
[22:39:26]     instruct - attribute
[22:39:46]     instruct - state
[22:40:05]     instruct - correctness_instruct
[22:40:25]     instruct - multitask_dual
[22:40:54]     instruct - multitask_triple_instruct
[22:41:30] 
  Processing Group: enhancement
[22:41:30]     base - attribute
[22:41:50]     base - state
[22:42:09]     base - correctness_base
[22:42:28]     base - multitask_dual
[22:42:57]     base - multitask_triple_base
[22:43:34]     instruct - attribute
[22:43:54]     instruct - state
[22:44:13]     instruct - correctness_instruct
[22:44:32]     instruct - multitask_dual
[22:45:01]     instruct - multitask_triple_instruct
[22:45:38] 
  Running Isomorphism Test (Layer 24)
[22:46:06] 
============================================================
[22:46:06] PROCESSING LAYER 28
[22:46:06] ============================================================
[22:46:06] Loading Layer 28 data...
[22:46:07]   base: (33522, 1536)
[22:46:07]   instruct: (33522, 1536)
[22:46:07] 
  Processing Group: all
[22:46:07]     base - attribute
[22:47:57]     base - state
[22:49:48]     base - correctness_base
[22:50:43]     base - multitask_dual
[22:52:05]     base - multitask_triple_base
[22:53:49]     instruct - attribute
[22:55:42]     instruct - state
[22:57:38]     instruct - correctness_instruct
[22:58:36]     instruct - multitask_dual
[23:00:01]     instruct - multitask_triple_instruct
[23:01:47] 
  Processing Group: suppression
[23:01:47]     base - attribute
[23:02:06]     base - state
[23:02:26]     base - correctness_base
[23:02:45]     base - multitask_dual
[23:03:15]     base - multitask_triple_base
[23:03:52]     instruct - attribute
[23:04:12]     instruct - state
[23:04:31]     instruct - correctness_instruct
[23:04:51]     instruct - multitask_dual
[23:05:21]     instruct - multitask_triple_instruct
[23:05:58] 
  Processing Group: enhancement
[23:05:58]     base - attribute
[23:06:18]     base - state
[23:06:38]     base - correctness_base
[23:06:57]     base - multitask_dual
[23:07:27]     base - multitask_triple_base
[23:08:04]     instruct - attribute
[23:08:24]     instruct - state
[23:08:44]     instruct - correctness_instruct
[23:09:03]     instruct - multitask_dual
[23:09:33]     instruct - multitask_triple_instruct
[23:10:11] 
  Running Isomorphism Test (Layer 28)
[23:10:39] 
================================================================================
[23:10:39] SAVING RESULTS
[23:10:39] ================================================================================
[23:10:39]   online_mdl.csv
[23:10:39]   variational_mdl.csv
[23:10:39]   isomorphism.csv
[23:10:39] 
================================================================================
[23:10:39] GENERATING VISUALIZATIONS
[23:10:39] ================================================================================
[23:10:41]   Saved: online_coding_curves.png
[23:10:42]   Saved: variational_mdl_comparison.png
[23:10:42]   Saved: fisher_information.png
[23:10:43]   Saved: isomorphism_drift.png
[23:10:43]   Saved: sparsity_analysis.png
[23:10:44]   Saved: group_comparison.png
[23:10:45]   Saved: triple_entanglement_analysis.png
[23:10:45] 
================================================================================
[23:10:45] COMPUTING TRIPLE ENTANGLEMENT METRICS
[23:10:45] ================================================================================
[23:10:45]   Saved: triple_entanglement_metrics.json
[23:10:45] 
============================================================
[23:10:45] TRIPLE ENTANGLEMENT ANALYSIS SUMMARY:
[23:10:45] ============================================================
[23:10:45] 
BASE Model:
[23:10:45]   Compression Ratio (Triple/Single): 5.513
[23:10:45]   Triple Task Accuracy:
[23:10:45]     - Attribute: 10.0%
[23:10:45]     - State: 4.3%
[23:10:45]     - Correctness: 66.4%
[23:10:45]   Suppression Group:
[23:10:45]     - Triple MDL: 5444106.72
[23:10:45]     - Correctness Acc: 79.9%
[23:10:45] 
INSTRUCT Model:
[23:10:45]   Compression Ratio (Triple/Single): 5.495
[23:10:45]   Triple Task Accuracy:
[23:10:45]     - Attribute: 10.0%
[23:10:45]     - State: 4.3%
[23:10:45]     - Correctness: 63.8%
[23:10:45]   Suppression Group:
[23:10:45]     - Triple MDL: 5444082.35
[23:10:45]     - Correctness Acc: 62.5%
[23:10:45] 
================================================================================
[23:10:45] PIPELINE COMPLETE
[23:10:45] ================================================================================
[23:10:45] 
Total Experiments:
[23:10:45]   Online Coding: 3536 data points
[23:10:45]   Variational MDL: 408 configurations
[23:10:45]   Isomorphism Tests: 8 comparisons
[23:10:45] 
Outputs saved to: /home/anshulk/cultural-alignment-study/outputs/mdl_probing
