[14:08:52] Device: cuda
[14:08:52] GPU: NVIDIA RTX A6000
[14:08:52] GPU Memory: 50.90 GB
[14:08:52] ================================================================================
[14:08:52] STARTING MDL PROBING 
[14:08:52] ================================================================================
[14:08:52] 
============================================================
[14:08:52] PROCESSING LAYER 8
[14:08:52] ============================================================
[14:08:52] Loading Layer 8 data...
[14:08:52]   base: (33522, 1536)
[14:08:52]   instruct: (33522, 1536)
[14:08:52] 
  Processing Group: all
[14:08:52]     base - attribute
[14:10:08]     base - state
[14:11:20]     base - correctness_base
[14:11:57]     base - multitask_dual
[14:12:52]     base - multitask_triple_base
[14:14:00]     instruct - attribute
[14:15:14]     instruct - state
[14:16:26]     instruct - correctness_instruct
[14:17:03]     instruct - multitask_dual
[14:17:58]     instruct - multitask_triple_instruct
[14:19:06] 
  Processing Group: suppression
[14:19:06]     base - attribute
[14:19:19]     base - state
[14:19:32]     base - correctness_base
[14:19:44]     base - multitask_dual
[14:20:03]     base - multitask_triple_base
[14:20:28]     instruct - attribute
[14:20:40]     instruct - state
[14:20:53]     instruct - correctness_instruct
[14:21:06]     instruct - multitask_dual
[14:21:25]     instruct - multitask_triple_instruct
[14:21:50] 
  Processing Group: enhancement
[14:21:50]     base - attribute
[14:22:03]     base - state
[14:22:15]     base - correctness_base
[14:22:28]     base - multitask_dual
[14:22:47]     base - multitask_triple_base
[14:23:12]     instruct - attribute
[14:23:25]     instruct - state
[14:23:38]     instruct - correctness_instruct
[14:23:51]     instruct - multitask_dual
[14:24:10]     instruct - multitask_triple_instruct
[14:24:35] 
  Running Isomorphism Test (Layer 8)
[14:24:53] 
============================================================
[14:24:53] PROCESSING LAYER 16
[14:24:53] ============================================================
[14:24:53] Loading Layer 16 data...
[14:24:53]   base: (33522, 1536)
[14:24:53]   instruct: (33522, 1536)
[14:24:53] 
  Processing Group: all
[14:24:53]     base - attribute
[14:26:06]     base - state
[14:27:20]     base - correctness_base
[14:27:56]     base - multitask_dual
